====== WebDriver manager ======
Get LATEST geckodriver version for 126.0 firefox
Get LATEST geckodriver version for 126.0 firefox
There is no [win64] geckodriver "v0.34.0" for browser firefox "126.0" in cache
Get LATEST geckodriver version for 126.0 firefox
Getting latest mozilla release info for v0.34.0
About to download new driver from https://github.com/mozilla/geckodriver/releases/download/v0.34.0/geckodriver-v0.34.0-win64.zip
Driver downloading response is 200
Get LATEST geckodriver version for 126.0 firefox
Driver has been saved in cache [C:\Users\ACS\.wdm\drivers\geckodriver\win64\v0.34.0]
====== WebDriver manager ======
Get LATEST geckodriver version for 126.0 firefox
Get LATEST geckodriver version for 126.0 firefox
Driver [C:\Users\ACS\.wdm\drivers\geckodriver\win64\v0.34.0\geckodriver.exe] found in cache
====== WebDriver manager ======
Get LATEST geckodriver version for 126.0 firefox
Get LATEST geckodriver version for 126.0 firefox
Driver [C:\Users\ACS\.wdm\drivers\geckodriver\win64\v0.34.0\geckodriver.exe] found in cache
====== WebDriver manager ======
Get LATEST geckodriver version for 126.0 firefox
Get LATEST geckodriver version for 126.0 firefox
Driver [C:\Users\ACS\.wdm\drivers\geckodriver\win64\v0.34.0\geckodriver.exe] found in cache
====== WebDriver manager ======
Get LATEST geckodriver version for 126.0 firefox
Get LATEST geckodriver version for 126.0 firefox
Driver [C:\Users\ACS\.wdm\drivers\geckodriver\win64\v0.34.0\geckodriver.exe] found in cache
====== WebDriver manager ======
Get LATEST geckodriver version for 126.0 firefox
Get LATEST geckodriver version for 126.0 firefox
Driver [C:\Users\ACS\.wdm\drivers\geckodriver\win64\v0.34.0\geckodriver.exe] found in cache
====== WebDriver manager ======
Get LATEST geckodriver version for 126.0 firefox
Get LATEST geckodriver version for 126.0 firefox
Driver [C:\Users\ACS\.wdm\drivers\geckodriver\win64\v0.34.0\geckodriver.exe] found in cache
====== WebDriver manager ======
Get LATEST geckodriver version for 126.0 firefox
Get LATEST geckodriver version for 126.0 firefox
Driver [C:\Users\ACS\.wdm\drivers\geckodriver\win64\v0.34.0\geckodriver.exe] found in cache
====== WebDriver manager ======
Get LATEST geckodriver version for 126.0 firefox
Get LATEST geckodriver version for 126.0 firefox
Driver [C:\Users\ACS\.wdm\drivers\geckodriver\win64\v0.34.0\geckodriver.exe] found in cache
====== WebDriver manager ======
Get LATEST geckodriver version for 126.0 firefox
Get LATEST geckodriver version for 126.0 firefox
Driver [C:\Users\ACS\.wdm\drivers\geckodriver\win64\v0.34.0\geckodriver.exe] found in cache
====== WebDriver manager ======
Get LATEST geckodriver version for 126.0 firefox
Get LATEST geckodriver version for 126.0 firefox
Driver [C:\Users\ACS\.wdm\drivers\geckodriver\win64\v0.34.0\geckodriver.exe] found in cache
====== WebDriver manager ======
Get LATEST geckodriver version for 126.0 firefox
Get LATEST geckodriver version for 126.0 firefox
Driver [C:\Users\ACS\.wdm\drivers\geckodriver\win64\v0.34.0\geckodriver.exe] found in cache
====== WebDriver manager ======
Get LATEST geckodriver version for 126.0 firefox
Get LATEST geckodriver version for 126.0 firefox
Driver [C:\Users\ACS\.wdm\drivers\geckodriver\win64\v0.34.0\geckodriver.exe] found in cache
====== WebDriver manager ======
Get LATEST geckodriver version for 126.0 firefox
Get LATEST geckodriver version for 126.0 firefox
Driver [C:\Users\ACS\.wdm\drivers\geckodriver\win64\v0.34.0\geckodriver.exe] found in cache
====== WebDriver manager ======
Get LATEST geckodriver version for 126.0 firefox
Get LATEST geckodriver version for 126.0 firefox
Driver [C:\Users\ACS\.wdm\drivers\geckodriver\win64\v0.34.0\geckodriver.exe] found in cache
====== WebDriver manager ======
Get LATEST geckodriver version for 126.0 firefox
Get LATEST geckodriver version for 126.0 firefox
Driver [C:\Users\ACS\.wdm\drivers\geckodriver\win64\v0.34.0\geckodriver.exe] found in cache
====== WebDriver manager ======
Get LATEST geckodriver version for 126.0 firefox
Get LATEST geckodriver version for 126.0 firefox
Driver [C:\Users\ACS\.wdm\drivers\geckodriver\win64\v0.34.0\geckodriver.exe] found in cache
====== WebDriver manager ======
Get LATEST geckodriver version for 126.0 firefox
Get LATEST geckodriver version for 126.0 firefox
Driver [C:\Users\ACS\.wdm\drivers\geckodriver\win64\v0.34.0\geckodriver.exe] found in cache
====== WebDriver manager ======
Get LATEST geckodriver version for 126.0 firefox
Get LATEST geckodriver version for 126.0 firefox
Driver [C:\Users\ACS\.wdm\drivers\geckodriver\win64\v0.34.0\geckodriver.exe] found in cache
====== WebDriver manager ======
Get LATEST geckodriver version for 126.0 firefox
Get LATEST geckodriver version for 126.0 firefox
Driver [C:\Users\ACS\.wdm\drivers\geckodriver\win64\v0.34.0\geckodriver.exe] found in cache
